<?xml version="1.0" encoding="UTF-8"?>
<testng-results ignored="0" total="1" passed="1" failed="0" skipped="0">
  <reporter-output>
  </reporter-output>
  <suite started-at="2021-03-13T06:10:24Z" name="Default suite" finished-at="2021-03-13T06:10:46Z" duration-ms="21271">
    <groups>
    </groups>
    <test started-at="2021-03-13T06:10:24Z" name="Default test" finished-at="2021-03-13T06:10:46Z" duration-ms="21271">
      <class name="org.src.testautomation.ushaseautomation.AssertVerifications">
        <test-method signature="test()[pri:0, instance:org.src.testautomation.ushaseautomation.AssertVerifications@707194ba]" started-at="2021-03-13T06:10:24Z" name="test" finished-at="2021-03-13T06:10:46Z" duration-ms="21185" status="PASS">
          <reporter-output>
          </reporter-output>
        </test-method> <!-- test -->
      </class> <!-- org.src.testautomation.ushaseautomation.AssertVerifications -->
    </test> <!-- Default test -->
  </suite> <!-- Default suite -->
</testng-results>
